<?xml version="1.0" encoding="UTF-8"?>
<!-- Generated by org.testng.reporters.JUnitXMLReporter -->
<testsuite ignored="1" hostname="IN-GPG9L6L27P-CTS" failures="1" tests="4" name="HeaderDemo Tests" time="35.709" errors="0" timestamp="2025-08-11T15:37:01 IST">
  <testcase classname="automationTesting.AbbviePro.HeaderDemoTest" name="testNavigation" time="6.417"/>
  <testcase classname="automationTesting.AbbviePro.HeaderDemoTest" name="clickOnTherapiegebieteButtonDemo" time="4.295"/>
  <testcase classname="automationTesting.AbbviePro.HeaderDemoTest" name="testImmunologieButton" time="9.452">
    <failure type="java.lang.AssertionError" message="Failed to navigate to Immunologie page in new tab expected [true] but found [false]">
      <![CDATA[java.lang.AssertionError: Failed to navigate to Immunologie page in new tab expected [true] but found [false]
at automationTesting.AbbviePro.HeaderDemo.clickOnImmunologieButton(HeaderDemo.java:90)
at automationTesting.AbbviePro.HeaderDemoTest.testImmunologieButton(HeaderDemoTest.java:61)
at java.base/java.util.ArrayList.forEach(ArrayList.java:1597)
... Removed 28 stack frames]]>
    </failure>
  </testcase> <!-- testImmunologieButton -->
  <testcase classname="automationTesting.AbbviePro.HeaderDemoTest" name="testDermatologieButtonDemo" time="10.762"/>
  <testcase classname="automationTesting.AbbviePro.HeaderDemoTest" name="testtherapiegebieteChevronIcon" time="0.0">
    <ignored/>
  </testcase> <!-- testtherapiegebieteChevronIcon -->
</testsuite> <!-- HeaderDemo Tests -->
