<html>
<head>
<title>TestNG:  Surefire test</title>
<link href="../testng.css" rel="stylesheet" type="text/css" />
<link href="../my-testng.css" rel="stylesheet" type="text/css" />

<style type="text/css">
.log { display: none;} 
.stack-trace { display: none;} 
</style>
<script type="text/javascript">
<!--
function flip(e) {
  current = e.style.display;
  if (current == 'block') {
    e.style.display = 'none';
    return 0;
  }
  else {
    e.style.display = 'block';
    return 1;
  }
}

function toggleBox(szDivId, elem, msg1, msg2)
{
  var res = -1;  if (document.getElementById) {
    res = flip(document.getElementById(szDivId));
  }
  else if (document.all) {
    // this is the way old msie versions work
    res = flip(document.all[szDivId]);
  }
  if(elem) {
    if(res == 0) elem.innerHTML = msg1; else elem.innerHTML = msg2;
  }

}

function toggleAllBoxes() {
  if (document.getElementsByTagName) {
    d = document.getElementsByTagName('div');
    for (i = 0; i < d.length; i++) {
      if (d[i].className == 'log') {
        flip(d[i]);
      }
    }
  }
}

// -->
</script>

</head>
<body>
<h2 align='center'>Surefire test</h2><table border='1' align="center">
<tr>
<td>Tests passed/Failed/Skipped:</td><td>55/4/0</td>
</tr><tr>
<td>Started on:</td><td>Mon Aug 04 12:09:02 IST 2025</td>
</tr>
<tr><td>Total time:</td><td>500 seconds (500263 ms)</td>
</tr><tr>
<td>Included groups:</td><td></td>
</tr><tr>
<td>Excluded groups:</td><td></td>
</tr>
</table><p/>
<small><i>(Hover the method name to see the test class name)</i></small><p/>
<table width='100%' border='1' class='invocation-failed'>
<tr><td colspan='4' align='center'><b>FAILED TESTS</b></td></tr>
<tr><td><b>Test method</b></td>
<td><b>Attribute(s)</b></td>
<td width="30%"><b>Exception</b></td>
<td width="10%"><b>Time (seconds)</b></td>
<td><b>Instance</b></td>
</tr>
<tr>
<td title='automationTesting.AbbviePro.HeaderTest.testRegisterNowButton()'><b>testRegisterNowButton</b><br>Test class: automationTesting.AbbviePro.HeaderTest</td>
<td><div><pre>java.lang.AssertionError: Failed to navigate to register page expected [true] but found [false]
	at automationTesting.AbbviePro.Header.clickOnRegisterNowButton(Header.java:408)
	at automationTesting.AbbviePro.HeaderTest.testRegisterNowButton(HeaderTest.java:623)
	at java.base/java.util.ArrayList.forEach(ArrayList.java:1511)
... Removed 35 stack frames</pre></div><a href='#' onClick='toggleBox("stack-trace1890777616", this, "Click to show all stack frames", "Click to hide stack frames")'>Click to show all stack frames</a>
<div class='stack-trace' id='stack-trace1890777616'><pre>java.lang.AssertionError: Failed to navigate to register page expected [true] but found [false]
	at org.testng.Assert.fail(Assert.java:111)
	at org.testng.Assert.failNotEquals(Assert.java:1590)
	at org.testng.Assert.assertTrue(Assert.java:57)
	at automationTesting.AbbviePro.Header.clickOnRegisterNowButton(Header.java:408)
	at automationTesting.AbbviePro.HeaderTest.testRegisterNowButton(HeaderTest.java:623)
	at java.base/jdk.internal.reflect.NativeMethodAccessorImpl.invoke0(Native Method)
	at java.base/jdk.internal.reflect.NativeMethodAccessorImpl.invoke(NativeMethodAccessorImpl.java:77)
	at java.base/jdk.internal.reflect.DelegatingMethodAccessorImpl.invoke(DelegatingMethodAccessorImpl.java:43)
	at java.base/java.lang.reflect.Method.invoke(Method.java:569)
	at org.testng.internal.invokers.MethodInvocationHelper.invokeMethod(MethodInvocationHelper.java:141)
	at org.testng.internal.invokers.TestInvoker.invokeMethod(TestInvoker.java:687)
	at org.testng.internal.invokers.TestInvoker.invokeTestMethod(TestInvoker.java:230)
	at org.testng.internal.invokers.MethodRunner.runInSequence(MethodRunner.java:63)
	at org.testng.internal.invokers.TestInvoker$MethodInvocationAgent.invoke(TestInvoker.java:995)
	at org.testng.internal.invokers.TestInvoker.invokeTestMethods(TestInvoker.java:203)
	at org.testng.internal.invokers.TestMethodWorker.invokeTestMethods(TestMethodWorker.java:154)
	at org.testng.internal.invokers.TestMethodWorker.run(TestMethodWorker.java:134)
	at java.base/java.util.ArrayList.forEach(ArrayList.java:1511)
	at org.testng.TestRunner.privateRun(TestRunner.java:741)
	at org.testng.TestRunner.run(TestRunner.java:616)
	at org.testng.SuiteRunner.runTest(SuiteRunner.java:421)
	at org.testng.SuiteRunner.runSequentially(SuiteRunner.java:413)
	at org.testng.SuiteRunner.privateRun(SuiteRunner.java:373)
	at org.testng.SuiteRunner.run(SuiteRunner.java:312)
	at org.testng.SuiteRunnerWorker.runSuite(SuiteRunnerWorker.java:52)
	at org.testng.SuiteRunnerWorker.run(SuiteRunnerWorker.java:95)
	at org.testng.TestNG.runSuitesSequentially(TestNG.java:1274)
	at org.testng.TestNG.runSuitesLocally(TestNG.java:1208)
	at org.testng.TestNG.runSuites(TestNG.java:1112)
	at org.testng.TestNG.run(TestNG.java:1079)
	at org.apache.maven.surefire.testng.TestNGExecutor.run(TestNGExecutor.java:155)
	at org.apache.maven.surefire.testng.TestNGDirectoryTestSuite.executeMulti(TestNGDirectoryTestSuite.java:169)
	at org.apache.maven.surefire.testng.TestNGDirectoryTestSuite.execute(TestNGDirectoryTestSuite.java:88)
	at org.apache.maven.surefire.testng.TestNGProvider.invoke(TestNGProvider.java:137)
	at org.apache.maven.surefire.booter.ForkedBooter.runSuitesInProcess(ForkedBooter.java:385)
	at org.apache.maven.surefire.booter.ForkedBooter.execute(ForkedBooter.java:162)
	at org.apache.maven.surefire.booter.ForkedBooter.run(ForkedBooter.java:507)
	at org.apache.maven.surefire.booter.ForkedBooter.main(ForkedBooter.java:495)
</pre></div></td>
<td>2</td>
<td>automationTesting.AbbviePro.HeaderTest@6e0f5f7f</td></tr>
<tr>
<td title='automationTesting.AbbviePro.HeaderTest.testVirologyButton()'><b>testVirologyButton</b><br>Test class: automationTesting.AbbviePro.HeaderTest</td>
<td><div><pre>java.lang.AssertionError: Failed to navigate to Virologie page expected [true] but found [false]
	at automationTesting.AbbviePro.Header.clickOnVirologyButton(Header.java:340)
	at automationTesting.AbbviePro.HeaderTest.testVirologyButton(HeaderTest.java:476)
	at java.base/java.util.ArrayList.forEach(ArrayList.java:1511)
... Removed 35 stack frames</pre></div><a href='#' onClick='toggleBox("stack-trace461309639", this, "Click to show all stack frames", "Click to hide stack frames")'>Click to show all stack frames</a>
<div class='stack-trace' id='stack-trace461309639'><pre>java.lang.AssertionError: Failed to navigate to Virologie page expected [true] but found [false]
	at org.testng.Assert.fail(Assert.java:111)
	at org.testng.Assert.failNotEquals(Assert.java:1590)
	at org.testng.Assert.assertTrue(Assert.java:57)
	at automationTesting.AbbviePro.Header.clickOnVirologyButton(Header.java:340)
	at automationTesting.AbbviePro.HeaderTest.testVirologyButton(HeaderTest.java:476)
	at java.base/jdk.internal.reflect.NativeMethodAccessorImpl.invoke0(Native Method)
	at java.base/jdk.internal.reflect.NativeMethodAccessorImpl.invoke(NativeMethodAccessorImpl.java:77)
	at java.base/jdk.internal.reflect.DelegatingMethodAccessorImpl.invoke(DelegatingMethodAccessorImpl.java:43)
	at java.base/java.lang.reflect.Method.invoke(Method.java:569)
	at org.testng.internal.invokers.MethodInvocationHelper.invokeMethod(MethodInvocationHelper.java:141)
	at org.testng.internal.invokers.TestInvoker.invokeMethod(TestInvoker.java:687)
	at org.testng.internal.invokers.TestInvoker.invokeTestMethod(TestInvoker.java:230)
	at org.testng.internal.invokers.MethodRunner.runInSequence(MethodRunner.java:63)
	at org.testng.internal.invokers.TestInvoker$MethodInvocationAgent.invoke(TestInvoker.java:995)
	at org.testng.internal.invokers.TestInvoker.invokeTestMethods(TestInvoker.java:203)
	at org.testng.internal.invokers.TestMethodWorker.invokeTestMethods(TestMethodWorker.java:154)
	at org.testng.internal.invokers.TestMethodWorker.run(TestMethodWorker.java:134)
	at java.base/java.util.ArrayList.forEach(ArrayList.java:1511)
	at org.testng.TestRunner.privateRun(TestRunner.java:741)
	at org.testng.TestRunner.run(TestRunner.java:616)
	at org.testng.SuiteRunner.runTest(SuiteRunner.java:421)
	at org.testng.SuiteRunner.runSequentially(SuiteRunner.java:413)
	at org.testng.SuiteRunner.privateRun(SuiteRunner.java:373)
	at org.testng.SuiteRunner.run(SuiteRunner.java:312)
	at org.testng.SuiteRunnerWorker.runSuite(SuiteRunnerWorker.java:52)
	at org.testng.SuiteRunnerWorker.run(SuiteRunnerWorker.java:95)
	at org.testng.TestNG.runSuitesSequentially(TestNG.java:1274)
	at org.testng.TestNG.runSuitesLocally(TestNG.java:1208)
	at org.testng.TestNG.runSuites(TestNG.java:1112)
	at org.testng.TestNG.run(TestNG.java:1079)
	at org.apache.maven.surefire.testng.TestNGExecutor.run(TestNGExecutor.java:155)
	at org.apache.maven.surefire.testng.TestNGDirectoryTestSuite.executeMulti(TestNGDirectoryTestSuite.java:169)
	at org.apache.maven.surefire.testng.TestNGDirectoryTestSuite.execute(TestNGDirectoryTestSuite.java:88)
	at org.apache.maven.surefire.testng.TestNGProvider.invoke(TestNGProvider.java:137)
	at org.apache.maven.surefire.booter.ForkedBooter.runSuitesInProcess(ForkedBooter.java:385)
	at org.apache.maven.surefire.booter.ForkedBooter.execute(ForkedBooter.java:162)
	at org.apache.maven.surefire.booter.ForkedBooter.run(ForkedBooter.java:507)
	at org.apache.maven.surefire.booter.ForkedBooter.main(ForkedBooter.java:495)
</pre></div></td>
<td>0</td>
<td>automationTesting.AbbviePro.HeaderTest@6e0f5f7f</td></tr>
<tr>
<td title='automationTesting.AbbviePro.HeaderTest.testImmunologieButton()'><b>testImmunologieButton</b><br>Test class: automationTesting.AbbviePro.HeaderTest</td>
<td><div><pre>java.lang.RuntimeException: Test Immunologie Button failed due to navigation issue.
	at automationTesting.AbbviePro.HeaderTest.testImmunologieButton(HeaderTest.java:257)
	at java.base/java.util.ArrayList.forEach(ArrayList.java:1511)
Caused by: org.openqa.selenium.ElementNotInteractableException: element not interactable
  (Session info: chrome=138.0.7204.184)
Build info: version: &apos;4.15.0&apos;, revision: &apos;1d14b5521b&apos;
System info: os.name: &apos;Mac OS X&apos;, os.arch: &apos;aarch64&apos;, os.version: &apos;15.5&apos;, java.version: &apos;17.0.16&apos;
Driver info: org.openqa.selenium.chrome.ChromeDriver
Command: [d21da05ae7ec95242cd8c52f0a3633cb, clickElement {id=f.652A7C8CD2DDAE7217EEBE850F3E1CDC.d.0F180CEA2D9025D32DA91397A321D790.e.313}]
Capabilities {acceptInsecureCerts: false, browserName: chrome, browserVersion: 138.0.7204.184, chrome: {chromedriverVersion: 138.0.7204.183 (e90faf484dd..., userDataDir: /var/folders/yq/_yp1rq0n6mj...}, fedcm:accounts: true, goog:chromeOptions: {debuggerAddress: localhost:62354}, networkConnectionEnabled: false, pageLoadStrategy: normal, platformName: mac, proxy: Proxy(), se:cdp: ws://localhost:62354/devtoo..., se:cdpVersion: 138.0.7204.184, setWindowRect: true, strictFileInteractability: false, timeouts: {implicit: 0, pageLoad: 300000, script: 30000}, unhandledPromptBehavior: dismiss and notify, webauthn:extension:credBlob: true, webauthn:extension:largeBlob: true, webauthn:extension:minPinLength: true, webauthn:extension:prf: true, webauthn:virtualAuthenticators: true}
Element: [[ChromeDriver: chrome on mac (d21da05ae7ec95242cd8c52f0a3633cb)] -&gt; xpath: (//div[@class=&apos;main-navigation__inner&apos;]//a)[39]]
Session ID: d21da05ae7ec95242cd8c52f0a3633cb
	at org.openqa.selenium.remote.codec.w3c.W3CHttpResponseCodec.createException(W3CHttpResponseCodec.java:200)
	at org.openqa.selenium.remote.codec.w3c.W3CHttpResponseCodec.decode(W3CHttpResponseCodec.java:133)
	at org.openqa.selenium.remote.codec.w3c.W3CHttpResponseCodec.decode(W3CHttpResponseCodec.java:52)
	at org.openqa.selenium.remote.HttpCommandExecutor.execute(HttpCommandExecutor.java:191)
	at org.openqa.selenium.remote.service.DriverCommandExecutor.invokeExecute(DriverCommandExecutor.java:200)
	at org.openqa.selenium.remote.service.DriverCommandExecutor.execute(DriverCommandExecutor.java:175)
	at org.openqa.selenium.remote.RemoteWebDriver.execute(RemoteWebDriver.java:607)
	at org.openqa.selenium.remote.RemoteWebElement.execute(RemoteWebElement.java:224)
	at org.openqa.selenium.remote.RemoteWebElement.click(RemoteWebElement.java:77)
	at org.openqa.selenium.support.pagefactory.internal.LocatingElementHandler.invoke(LocatingElementHandler.java:51)
	at jdk.proxy2/jdk.proxy2.$Proxy11.click(Unknown Source)
	at automationTesting.AbbviePro.Header.clickOnImmunologieButton(Header.java:227)
	at automationTesting.AbbviePro.HeaderTest.testImmunologieButton(HeaderTest.java:243)
	... 33 more
... Removed 40 stack frames</pre></div><a href='#' onClick='toggleBox("stack-trace1408290972", this, "Click to show all stack frames", "Click to hide stack frames")'>Click to show all stack frames</a>
<div class='stack-trace' id='stack-trace1408290972'><pre>java.lang.RuntimeException: Test Immunologie Button failed due to navigation issue.
	at automationTesting.AbbviePro.HeaderTest.testImmunologieButton(HeaderTest.java:257)
	at java.base/jdk.internal.reflect.NativeMethodAccessorImpl.invoke0(Native Method)
	at java.base/jdk.internal.reflect.NativeMethodAccessorImpl.invoke(NativeMethodAccessorImpl.java:77)
	at java.base/jdk.internal.reflect.DelegatingMethodAccessorImpl.invoke(DelegatingMethodAccessorImpl.java:43)
	at java.base/java.lang.reflect.Method.invoke(Method.java:569)
	at org.testng.internal.invokers.MethodInvocationHelper.invokeMethod(MethodInvocationHelper.java:141)
	at org.testng.internal.invokers.TestInvoker.invokeMethod(TestInvoker.java:687)
	at org.testng.internal.invokers.TestInvoker.invokeTestMethod(TestInvoker.java:230)
	at org.testng.internal.invokers.MethodRunner.runInSequence(MethodRunner.java:63)
	at org.testng.internal.invokers.TestInvoker$MethodInvocationAgent.invoke(TestInvoker.java:995)
	at org.testng.internal.invokers.TestInvoker.invokeTestMethods(TestInvoker.java:203)
	at org.testng.internal.invokers.TestMethodWorker.invokeTestMethods(TestMethodWorker.java:154)
	at org.testng.internal.invokers.TestMethodWorker.run(TestMethodWorker.java:134)
	at java.base/java.util.ArrayList.forEach(ArrayList.java:1511)
	at org.testng.TestRunner.privateRun(TestRunner.java:741)
	at org.testng.TestRunner.run(TestRunner.java:616)
	at org.testng.SuiteRunner.runTest(SuiteRunner.java:421)
	at org.testng.SuiteRunner.runSequentially(SuiteRunner.java:413)
	at org.testng.SuiteRunner.privateRun(SuiteRunner.java:373)
	at org.testng.SuiteRunner.run(SuiteRunner.java:312)
	at org.testng.SuiteRunnerWorker.runSuite(SuiteRunnerWorker.java:52)
	at org.testng.SuiteRunnerWorker.run(SuiteRunnerWorker.java:95)
	at org.testng.TestNG.runSuitesSequentially(TestNG.java:1274)
	at org.testng.TestNG.runSuitesLocally(TestNG.java:1208)
	at org.testng.TestNG.runSuites(TestNG.java:1112)
	at org.testng.TestNG.run(TestNG.java:1079)
	at org.apache.maven.surefire.testng.TestNGExecutor.run(TestNGExecutor.java:155)
	at org.apache.maven.surefire.testng.TestNGDirectoryTestSuite.executeMulti(TestNGDirectoryTestSuite.java:169)
	at org.apache.maven.surefire.testng.TestNGDirectoryTestSuite.execute(TestNGDirectoryTestSuite.java:88)
	at org.apache.maven.surefire.testng.TestNGProvider.invoke(TestNGProvider.java:137)
	at org.apache.maven.surefire.booter.ForkedBooter.runSuitesInProcess(ForkedBooter.java:385)
	at org.apache.maven.surefire.booter.ForkedBooter.execute(ForkedBooter.java:162)
	at org.apache.maven.surefire.booter.ForkedBooter.run(ForkedBooter.java:507)
	at org.apache.maven.surefire.booter.ForkedBooter.main(ForkedBooter.java:495)
Caused by: org.openqa.selenium.ElementNotInteractableException: element not interactable
  (Session info: chrome=138.0.7204.184)
Build info: version: &apos;4.15.0&apos;, revision: &apos;1d14b5521b&apos;
System info: os.name: &apos;Mac OS X&apos;, os.arch: &apos;aarch64&apos;, os.version: &apos;15.5&apos;, java.version: &apos;17.0.16&apos;
Driver info: org.openqa.selenium.chrome.ChromeDriver
Command: [d21da05ae7ec95242cd8c52f0a3633cb, clickElement {id=f.652A7C8CD2DDAE7217EEBE850F3E1CDC.d.0F180CEA2D9025D32DA91397A321D790.e.313}]
Capabilities {acceptInsecureCerts: false, browserName: chrome, browserVersion: 138.0.7204.184, chrome: {chromedriverVersion: 138.0.7204.183 (e90faf484dd..., userDataDir: /var/folders/yq/_yp1rq0n6mj...}, fedcm:accounts: true, goog:chromeOptions: {debuggerAddress: localhost:62354}, networkConnectionEnabled: false, pageLoadStrategy: normal, platformName: mac, proxy: Proxy(), se:cdp: ws://localhost:62354/devtoo..., se:cdpVersion: 138.0.7204.184, setWindowRect: true, strictFileInteractability: false, timeouts: {implicit: 0, pageLoad: 300000, script: 30000}, unhandledPromptBehavior: dismiss and notify, webauthn:extension:credBlob: true, webauthn:extension:largeBlob: true, webauthn:extension:minPinLength: true, webauthn:extension:prf: true, webauthn:virtualAuthenticators: true}
Element: [[ChromeDriver: chrome on mac (d21da05ae7ec95242cd8c52f0a3633cb)] -&gt; xpath: (//div[@class=&apos;main-navigation__inner&apos;]//a)[39]]
Session ID: d21da05ae7ec95242cd8c52f0a3633cb
	at java.base/jdk.internal.reflect.NativeConstructorAccessorImpl.newInstance0(Native Method)
	at java.base/jdk.internal.reflect.NativeConstructorAccessorImpl.newInstance(NativeConstructorAccessorImpl.java:77)
	at java.base/jdk.internal.reflect.DelegatingConstructorAccessorImpl.newInstance(DelegatingConstructorAccessorImpl.java:45)
	at java.base/java.lang.reflect.Constructor.newInstanceWithCaller(Constructor.java:500)
	at java.base/java.lang.reflect.Constructor.newInstance(Constructor.java:481)
	at org.openqa.selenium.remote.codec.w3c.W3CHttpResponseCodec.createException(W3CHttpResponseCodec.java:200)
	at org.openqa.selenium.remote.codec.w3c.W3CHttpResponseCodec.decode(W3CHttpResponseCodec.java:133)
	at org.openqa.selenium.remote.codec.w3c.W3CHttpResponseCodec.decode(W3CHttpResponseCodec.java:52)
	at org.openqa.selenium.remote.HttpCommandExecutor.execute(HttpCommandExecutor.java:191)
	at org.openqa.selenium.remote.service.DriverCommandExecutor.invokeExecute(DriverCommandExecutor.java:200)
	at org.openqa.selenium.remote.service.DriverCommandExecutor.execute(DriverCommandExecutor.java:175)
	at org.openqa.selenium.remote.RemoteWebDriver.execute(RemoteWebDriver.java:607)
	at org.openqa.selenium.remote.RemoteWebElement.execute(RemoteWebElement.java:224)
	at org.openqa.selenium.remote.RemoteWebElement.click(RemoteWebElement.java:77)
	at jdk.internal.reflect.GeneratedMethodAccessor17.invoke(Unknown Source)
	at java.base/jdk.internal.reflect.DelegatingMethodAccessorImpl.invoke(DelegatingMethodAccessorImpl.java:43)
	at java.base/java.lang.reflect.Method.invoke(Method.java:569)
	at org.openqa.selenium.support.pagefactory.internal.LocatingElementHandler.invoke(LocatingElementHandler.java:51)
	at jdk.proxy2/jdk.proxy2.$Proxy11.click(Unknown Source)
	at automationTesting.AbbviePro.Header.clickOnImmunologieButton(Header.java:227)
	at automationTesting.AbbviePro.HeaderTest.testImmunologieButton(HeaderTest.java:243)
	... 33 more
</pre></div></td>
<td>14</td>
<td>automationTesting.AbbviePro.HeaderTest@6e0f5f7f</td></tr>
<tr>
<td title='automationTesting.AbbviePro.HeaderTest.testOphthalmologyParentButton()'><b>testOphthalmologyParentButton</b><br>Test class: automationTesting.AbbviePro.HeaderTest</td>
<td><div><pre>java.lang.AssertionError: Failed to navigate to Augenheilkunde page expected [true] but found [false]
	at automationTesting.AbbviePro.Header.clickOnOphthalmologyParentButton(Header.java:359)
	at automationTesting.AbbviePro.HeaderTest.testOphthalmologyParentButton(HeaderTest.java:518)
	at java.base/java.util.ArrayList.forEach(ArrayList.java:1511)
... Removed 35 stack frames</pre></div><a href='#' onClick='toggleBox("stack-trace933869191", this, "Click to show all stack frames", "Click to hide stack frames")'>Click to show all stack frames</a>
<div class='stack-trace' id='stack-trace933869191'><pre>java.lang.AssertionError: Failed to navigate to Augenheilkunde page expected [true] but found [false]
	at org.testng.Assert.fail(Assert.java:111)
	at org.testng.Assert.failNotEquals(Assert.java:1590)
	at org.testng.Assert.assertTrue(Assert.java:57)
	at automationTesting.AbbviePro.Header.clickOnOphthalmologyParentButton(Header.java:359)
	at automationTesting.AbbviePro.HeaderTest.testOphthalmologyParentButton(HeaderTest.java:518)
	at java.base/jdk.internal.reflect.NativeMethodAccessorImpl.invoke0(Native Method)
	at java.base/jdk.internal.reflect.NativeMethodAccessorImpl.invoke(NativeMethodAccessorImpl.java:77)
	at java.base/jdk.internal.reflect.DelegatingMethodAccessorImpl.invoke(DelegatingMethodAccessorImpl.java:43)
	at java.base/java.lang.reflect.Method.invoke(Method.java:569)
	at org.testng.internal.invokers.MethodInvocationHelper.invokeMethod(MethodInvocationHelper.java:141)
	at org.testng.internal.invokers.TestInvoker.invokeMethod(TestInvoker.java:687)
	at org.testng.internal.invokers.TestInvoker.invokeTestMethod(TestInvoker.java:230)
	at org.testng.internal.invokers.MethodRunner.runInSequence(MethodRunner.java:63)
	at org.testng.internal.invokers.TestInvoker$MethodInvocationAgent.invoke(TestInvoker.java:995)
	at org.testng.internal.invokers.TestInvoker.invokeTestMethods(TestInvoker.java:203)
	at org.testng.internal.invokers.TestMethodWorker.invokeTestMethods(TestMethodWorker.java:154)
	at org.testng.internal.invokers.TestMethodWorker.run(TestMethodWorker.java:134)
	at java.base/java.util.ArrayList.forEach(ArrayList.java:1511)
	at org.testng.TestRunner.privateRun(TestRunner.java:741)
	at org.testng.TestRunner.run(TestRunner.java:616)
	at org.testng.SuiteRunner.runTest(SuiteRunner.java:421)
	at org.testng.SuiteRunner.runSequentially(SuiteRunner.java:413)
	at org.testng.SuiteRunner.privateRun(SuiteRunner.java:373)
	at org.testng.SuiteRunner.run(SuiteRunner.java:312)
	at org.testng.SuiteRunnerWorker.runSuite(SuiteRunnerWorker.java:52)
	at org.testng.SuiteRunnerWorker.run(SuiteRunnerWorker.java:95)
	at org.testng.TestNG.runSuitesSequentially(TestNG.java:1274)
	at org.testng.TestNG.runSuitesLocally(TestNG.java:1208)
	at org.testng.TestNG.runSuites(TestNG.java:1112)
	at org.testng.TestNG.run(TestNG.java:1079)
	at org.apache.maven.surefire.testng.TestNGExecutor.run(TestNGExecutor.java:155)
	at org.apache.maven.surefire.testng.TestNGDirectoryTestSuite.executeMulti(TestNGDirectoryTestSuite.java:169)
	at org.apache.maven.surefire.testng.TestNGDirectoryTestSuite.execute(TestNGDirectoryTestSuite.java:88)
	at org.apache.maven.surefire.testng.TestNGProvider.invoke(TestNGProvider.java:137)
	at org.apache.maven.surefire.booter.ForkedBooter.runSuitesInProcess(ForkedBooter.java:385)
	at org.apache.maven.surefire.booter.ForkedBooter.execute(ForkedBooter.java:162)
	at org.apache.maven.surefire.booter.ForkedBooter.run(ForkedBooter.java:507)
	at org.apache.maven.surefire.booter.ForkedBooter.main(ForkedBooter.java:495)
</pre></div></td>
<td>0</td>
<td>automationTesting.AbbviePro.HeaderTest@6e0f5f7f</td></tr>
</table><p>
<table width='100%' border='1' class='invocation-passed'>
<tr><td colspan='4' align='center'><b>PASSED TESTS</b></td></tr>
<tr><td><b>Test method</b></td>
<td><b>Attribute(s)</b></td>
<td width="30%"><b>Exception</b></td>
<td width="10%"><b>Time (seconds)</b></td>
<td><b>Instance</b></td>
</tr>
<tr>
<td title='automationTesting.AbbviePro.HeaderTest.testProductPageButton()'><b>testProductPageButton</b><br>Test class: automationTesting.AbbviePro.HeaderTest</td>
<td></td>
<td>4</td>
<td>automationTesting.AbbviePro.HeaderTest@6e0f5f7f</td></tr>
<tr>
<td title='automationTesting.AbbviePro.HeaderTest.testNeurologyButton()'><b>testNeurologyButton</b><br>Test class: automationTesting.AbbviePro.HeaderTest</td>
<td></td>
<td>8</td>
<td>automationTesting.AbbviePro.HeaderTest@6e0f5f7f</td></tr>
<tr>
<td title='automationTesting.AbbviePro.HeaderTest.testRegister_WithEmail()'><b>testRegister_WithEmail</b><br>Test class: automationTesting.AbbviePro.HeaderTest</td>
<td></td>
<td>16</td>
<td>automationTesting.AbbviePro.HeaderTest@6e0f5f7f</td></tr>
<tr>
<td title='automationTesting.AbbviePro.HeaderTest.testHomePageButton()'><b>testHomePageButton</b><br>Test class: automationTesting.AbbviePro.HeaderTest</td>
<td></td>
<td>2</td>
<td>automationTesting.AbbviePro.HeaderTest@6e0f5f7f</td></tr>
<tr>
<td title='automationTesting.AbbviePro.HeaderTest.testHematooncologyButton()'><b>testHematooncologyButton</b><br>Test class: automationTesting.AbbviePro.HeaderTest</td>
<td></td>
<td>10</td>
<td>automationTesting.AbbviePro.HeaderTest@6e0f5f7f</td></tr>
<tr>
<td title='automationTesting.AbbviePro.HeaderTest.testUrologyButton()'><b>testUrologyButton</b><br>Test class: automationTesting.AbbviePro.HeaderTest</td>
<td></td>
<td>5</td>
<td>automationTesting.AbbviePro.HeaderTest@6e0f5f7f</td></tr>
<tr>
<td title='automationTesting.AbbviePro.FooterTest.testOnkologieButton()'><b>testOnkologieButton</b><br>Test class: automationTesting.AbbviePro.FooterTest</td>
<td></td>
<td>10</td>
<td>automationTesting.AbbviePro.FooterTest@434a63ab</td></tr>
<tr>
<td title='automationTesting.AbbviePro.RegistrationTest.testTheoropaticButton()'><b>testTheoropaticButton</b><br>Test class: automationTesting.AbbviePro.RegistrationTest</td>
<td></td>
<td>4</td>
<td>automationTesting.AbbviePro.RegistrationTest@593aaf41</td></tr>
<tr>
<td title='automationTesting.AbbviePro.FooterTest.testDermatologieButton()'><b>testDermatologieButton</b><br>Test class: automationTesting.AbbviePro.FooterTest</td>
<td></td>
<td>15</td>
<td>automationTesting.AbbviePro.FooterTest@434a63ab</td></tr>
<tr>
<td title='automationTesting.AbbviePro.FooterTest.testImprintButton()'><b>testImprintButton</b><br>Test class: automationTesting.AbbviePro.FooterTest</td>
<td></td>
<td>7</td>
<td>automationTesting.AbbviePro.FooterTest@434a63ab</td></tr>
<tr>
<td title='automationTesting.AbbviePro.HeaderTest.testOphthalmologyChildButton()'><b>testOphthalmologyChildButton</b><br>Test class: automationTesting.AbbviePro.HeaderTest</td>
<td></td>
<td>10</td>
<td>automationTesting.AbbviePro.HeaderTest@6e0f5f7f</td></tr>
<tr>
<td title='automationTesting.AbbviePro.HeaderTest.testtherapiegebieteChevronIcon()'><b>testtherapiegebieteChevronIcon</b><br>Test class: automationTesting.AbbviePro.HeaderTest</td>
<td></td>
<td>0</td>
<td>automationTesting.AbbviePro.HeaderTest@6e0f5f7f</td></tr>
<tr>
<td title='automationTesting.AbbviePro.HeaderTest.testOnkologieButton()'><b>testOnkologieButton</b><br>Test class: automationTesting.AbbviePro.HeaderTest</td>
<td></td>
<td>10</td>
<td>automationTesting.AbbviePro.HeaderTest@6e0f5f7f</td></tr>
<tr>
<td title='automationTesting.AbbviePro.HeaderTest.testProductRelatedEventsButton()'><b>testProductRelatedEventsButton</b><br>Test class: automationTesting.AbbviePro.HeaderTest</td>
<td></td>
<td>10</td>
<td>automationTesting.AbbviePro.HeaderTest@6e0f5f7f</td></tr>
<tr>
<td title='automationTesting.AbbviePro.FooterTest.testOphthalmologieButton()'><b>testOphthalmologieButton</b><br>Test class: automationTesting.AbbviePro.FooterTest</td>
<td></td>
<td>7</td>
<td>automationTesting.AbbviePro.FooterTest@434a63ab</td></tr>
<tr>
<td title='automationTesting.AbbviePro.FooterTest.testHCVButton()'><b>testHCVButton</b><br>Test class: automationTesting.AbbviePro.FooterTest</td>
<td></td>
<td>8</td>
<td>automationTesting.AbbviePro.FooterTest@434a63ab</td></tr>
<tr>
<td title='automationTesting.AbbviePro.HeaderTest.testNeurogenicDetrusorOveractivityButton()'><b>testNeurogenicDetrusorOveractivityButton</b><br>Test class: automationTesting.AbbviePro.HeaderTest</td>
<td></td>
<td>3</td>
<td>automationTesting.AbbviePro.HeaderTest@6e0f5f7f</td></tr>
<tr>
<td title='automationTesting.AbbviePro.HeaderTest.testHeaderLogo()'><b>testHeaderLogo</b><br>Test class: automationTesting.AbbviePro.HeaderTest</td>
<td></td>
<td>6</td>
<td>automationTesting.AbbviePro.HeaderTest@6e0f5f7f</td></tr>
<tr>
<td title='automationTesting.AbbviePro.HeaderTest.testDermatologieButton()'><b>testDermatologieButton</b><br>Test class: automationTesting.AbbviePro.HeaderTest</td>
<td></td>
<td>10</td>
<td>automationTesting.AbbviePro.HeaderTest@6e0f5f7f</td></tr>
<tr>
<td title='automationTesting.AbbviePro.HeaderTest.testGastroenterologieButton()'><b>testGastroenterologieButton</b><br>Test class: automationTesting.AbbviePro.HeaderTest</td>
<td></td>
<td>10</td>
<td>automationTesting.AbbviePro.HeaderTest@6e0f5f7f</td></tr>
<tr>
<td title='automationTesting.AbbviePro.HeaderTest.testTherapiegebieteButton()'><b>testTherapiegebieteButton</b><br>Test class: automationTesting.AbbviePro.HeaderTest</td>
<td></td>
<td>5</td>
<td>automationTesting.AbbviePro.HeaderTest@6e0f5f7f</td></tr>
<tr>
<td title='automationTesting.AbbviePro.HeaderTest.testEventsAndTrainingButton()'><b>testEventsAndTrainingButton</b><br>Test class: automationTesting.AbbviePro.HeaderTest</td>
<td></td>
<td>10</td>
<td>automationTesting.AbbviePro.HeaderTest@6e0f5f7f</td></tr>
<tr>
<td title='automationTesting.AbbviePro.FooterTest.testNavigation()'><b>testNavigation</b><br>Test class: automationTesting.AbbviePro.FooterTest</td>
<td></td>
<td>11</td>
<td>automationTesting.AbbviePro.FooterTest@434a63ab</td></tr>
<tr>
<td title='automationTesting.AbbviePro.HeaderTest.testRegister_FillDetails()'><b>testRegister_FillDetails</b><br>Test class: automationTesting.AbbviePro.HeaderTest</td>
<td></td>
<td>46</td>
<td>automationTesting.AbbviePro.HeaderTest@6e0f5f7f</td></tr>
<tr>
<td title='automationTesting.AbbviePro.HeaderTest.testMedicalScientificEventsButton()'><b>testMedicalScientificEventsButton</b><br>Test class: automationTesting.AbbviePro.HeaderTest</td>
<td></td>
<td>10</td>
<td>automationTesting.AbbviePro.HeaderTest@6e0f5f7f</td></tr>
<tr>
<td title='automationTesting.AbbviePro.HeaderTest.testSpasticityAfterStrokeButton()'><b>testSpasticityAfterStrokeButton</b><br>Test class: automationTesting.AbbviePro.HeaderTest</td>
<td></td>
<td>3</td>
<td>automationTesting.AbbviePro.HeaderTest@6e0f5f7f</td></tr>
<tr>
<td title='automationTesting.AbbviePro.HeaderTest.testParkinsonsDiseaseButton()'><b>testParkinsonsDiseaseButton</b><br>Test class: automationTesting.AbbviePro.HeaderTest</td>
<td></td>
<td>12</td>
<td>automationTesting.AbbviePro.HeaderTest@6e0f5f7f</td></tr>
<tr>
<td title='automationTesting.AbbviePro.FooterTest.testFooterLogo()'><b>testFooterLogo</b><br>Test class: automationTesting.AbbviePro.FooterTest</td>
<td></td>
<td>3</td>
<td>automationTesting.AbbviePro.FooterTest@434a63ab</td></tr>
<tr>
<td title='automationTesting.AbbviePro.FooterTest.testRheumatologieButton()'><b>testRheumatologieButton</b><br>Test class: automationTesting.AbbviePro.FooterTest</td>
<td></td>
<td>8</td>
<td>automationTesting.AbbviePro.FooterTest@434a63ab</td></tr>
<tr>
<td title='automationTesting.AbbviePro.RegistrationTest.testSignUpButton()'><b>testSignUpButton</b><br>Test class: automationTesting.AbbviePro.RegistrationTest</td>
<td></td>
<td>5</td>
<td>automationTesting.AbbviePro.RegistrationTest@593aaf41</td></tr>
<tr>
<td title='automationTesting.AbbviePro.RegistrationTest.testProductsLearnMore()'><b>testProductsLearnMore</b><br>Test class: automationTesting.AbbviePro.RegistrationTest</td>
<td></td>
<td>4</td>
<td>automationTesting.AbbviePro.RegistrationTest@593aaf41</td></tr>
<tr>
<td title='automationTesting.AbbviePro.HeaderTest.testProductOverviewButton()'><b>testProductOverviewButton</b><br>Test class: automationTesting.AbbviePro.HeaderTest</td>
<td></td>
<td>4</td>
<td>automationTesting.AbbviePro.HeaderTest@6e0f5f7f</td></tr>
<tr>
<td title='automationTesting.AbbviePro.RegistrationTest.testHomePageNavigation()'><b>testHomePageNavigation</b><br>Test class: automationTesting.AbbviePro.RegistrationTest</td>
<td></td>
<td>21</td>
<td>automationTesting.AbbviePro.RegistrationTest@593aaf41</td></tr>
<tr>
<td title='automationTesting.AbbviePro.FooterTest.testUrologieButton()'><b>testUrologieButton</b><br>Test class: automationTesting.AbbviePro.FooterTest</td>
<td></td>
<td>5</td>
<td>automationTesting.AbbviePro.FooterTest@434a63ab</td></tr>
<tr>
<td title='automationTesting.AbbviePro.HeaderTest.testEventsAndTrainingChevronIcon()'><b>testEventsAndTrainingChevronIcon</b><br>Test class: automationTesting.AbbviePro.HeaderTest</td>
<td></td>
<td>10</td>
<td>automationTesting.AbbviePro.HeaderTest@6e0f5f7f</td></tr>
<tr>
<td title='automationTesting.AbbviePro.HeaderTest.testEventsAndTrainingRegisterNowButton()'><b>testEventsAndTrainingRegisterNowButton</b><br>Test class: automationTesting.AbbviePro.HeaderTest</td>
<td></td>
<td>7</td>
<td>automationTesting.AbbviePro.HeaderTest@6e0f5f7f</td></tr>
<tr>
<td title='automationTesting.AbbviePro.HeaderTest.testTrainingMaterialButton()'><b>testTrainingMaterialButton</b><br>Test class: automationTesting.AbbviePro.HeaderTest</td>
<td></td>
<td>4</td>
<td>automationTesting.AbbviePro.HeaderTest@6e0f5f7f</td></tr>
<tr>
<td title='automationTesting.AbbviePro.FooterTest.testPrivacyPolicyButton()'><b>testPrivacyPolicyButton</b><br>Test class: automationTesting.AbbviePro.FooterTest</td>
<td></td>
<td>7</td>
<td>automationTesting.AbbviePro.FooterTest@434a63ab</td></tr>
<tr>
<td title='automationTesting.AbbviePro.HeaderTest.testRheumatologieButton()'><b>testRheumatologieButton</b><br>Test class: automationTesting.AbbviePro.HeaderTest</td>
<td></td>
<td>10</td>
<td>automationTesting.AbbviePro.HeaderTest@6e0f5f7f</td></tr>
<tr>
<td title='automationTesting.AbbviePro.HeaderTest.testMigraineButton()'><b>testMigraineButton</b><br>Test class: automationTesting.AbbviePro.HeaderTest</td>
<td></td>
<td>3</td>
<td>automationTesting.AbbviePro.HeaderTest@6e0f5f7f</td></tr>
<tr>
<td title='automationTesting.AbbviePro.FooterTest.testSitemapButton()'><b>testSitemapButton</b><br>Test class: automationTesting.AbbviePro.FooterTest</td>
<td></td>
<td>3</td>
<td>automationTesting.AbbviePro.FooterTest@434a63ab</td></tr>
<tr>
<td title='automationTesting.AbbviePro.HeaderTest.testIdiopathicOveractiveBladderButton()'><b>testIdiopathicOveractiveBladderButton</b><br>Test class: automationTesting.AbbviePro.HeaderTest</td>
<td></td>
<td>2</td>
<td>automationTesting.AbbviePro.HeaderTest@6e0f5f7f</td></tr>
<tr>
<td title='automationTesting.AbbviePro.HeaderTest.testProductAndUserInformationButton()'><b>testProductAndUserInformationButton</b><br>Test class: automationTesting.AbbviePro.HeaderTest</td>
<td></td>
<td>4</td>
<td>automationTesting.AbbviePro.HeaderTest@6e0f5f7f</td></tr>
<tr>
<td title='automationTesting.AbbviePro.HeaderTest.testProductChevronIcon()'><b>testProductChevronIcon</b><br>Test class: automationTesting.AbbviePro.HeaderTest</td>
<td></td>
<td>0</td>
<td>automationTesting.AbbviePro.HeaderTest@6e0f5f7f</td></tr>
<tr>
<td title='automationTesting.AbbviePro.RegistrationTest.testContactButton()'><b>testContactButton</b><br>Test class: automationTesting.AbbviePro.RegistrationTest</td>
<td></td>
<td>6</td>
<td>automationTesting.AbbviePro.RegistrationTest@593aaf41</td></tr>
<tr>
<td title='automationTesting.AbbviePro.FooterTest.testTermsOfUseButton()'><b>testTermsOfUseButton</b><br>Test class: automationTesting.AbbviePro.FooterTest</td>
<td></td>
<td>2</td>
<td>automationTesting.AbbviePro.FooterTest@434a63ab</td></tr>
<tr>
<td title='automationTesting.AbbviePro.RegistrationTest.testSecondRegisterButton()'><b>testSecondRegisterButton</b><br>Test class: automationTesting.AbbviePro.RegistrationTest</td>
<td></td>
<td>4</td>
<td>automationTesting.AbbviePro.RegistrationTest@593aaf41</td></tr>
<tr>
<td title='automationTesting.AbbviePro.HeaderTest.testServiceAndContactButton()'><b>testServiceAndContactButton</b><br>Test class: automationTesting.AbbviePro.HeaderTest</td>
<td></td>
<td>3</td>
<td>automationTesting.AbbviePro.HeaderTest@6e0f5f7f</td></tr>
<tr>
<td title='automationTesting.AbbviePro.FooterTest.testNeurologieButton()'><b>testNeurologieButton</b><br>Test class: automationTesting.AbbviePro.FooterTest</td>
<td></td>
<td>11</td>
<td>automationTesting.AbbviePro.FooterTest@434a63ab</td></tr>
<tr>
<td title='automationTesting.AbbviePro.HeaderTest.testNavigation()'><b>testNavigation</b><br>Test class: automationTesting.AbbviePro.HeaderTest</td>
<td></td>
<td>10</td>
<td>automationTesting.AbbviePro.HeaderTest@6e0f5f7f</td></tr>
<tr>
<td title='automationTesting.AbbviePro.HeaderTest.testSolidTumorsButton()'><b>testSolidTumorsButton</b><br>Test class: automationTesting.AbbviePro.HeaderTest</td>
<td></td>
<td>10</td>
<td>automationTesting.AbbviePro.HeaderTest@6e0f5f7f</td></tr>
<tr>
<td title='automationTesting.AbbviePro.RegistrationTest.testNavigation()'><b>testNavigation</b><br>Test class: automationTesting.AbbviePro.RegistrationTest</td>
<td></td>
<td>15</td>
<td>automationTesting.AbbviePro.RegistrationTest@593aaf41</td></tr>
<tr>
<td title='automationTesting.AbbviePro.FooterTest.testGastroenterologieButton()'><b>testGastroenterologieButton</b><br>Test class: automationTesting.AbbviePro.FooterTest</td>
<td></td>
<td>7</td>
<td>automationTesting.AbbviePro.FooterTest@434a63ab</td></tr>
<tr>
<td title='automationTesting.AbbviePro.HeaderTest.testHepatitisCHCVButton()'><b>testHepatitisCHCVButton</b><br>Test class: automationTesting.AbbviePro.HeaderTest</td>
<td></td>
<td>10</td>
<td>automationTesting.AbbviePro.HeaderTest@6e0f5f7f</td></tr>
<tr>
<td title='automationTesting.AbbviePro.FooterTest.testContactInformationButton()'><b>testContactInformationButton</b><br>Test class: automationTesting.AbbviePro.FooterTest</td>
<td></td>
<td>10</td>
<td>automationTesting.AbbviePro.FooterTest@434a63ab</td></tr>
</table><p>
</body>
</html>