<?xml version="1.0" encoding="UTF-8"?>
<!-- Generated by org.testng.reporters.JUnitXMLReporter -->
<testsuite ignored="0" hostname="IN-GPG9L6L27P-CTS" failures="4" tests="59" name="Surefire test" time="500.263" errors="0" timestamp="2025-08-04T12:17:23 IST">
  <testcase classname="automationTesting.AbbviePro.RegistrationTest" name="testNavigation" time="15.245"/>
  <testcase classname="automationTesting.AbbviePro.RegistrationTest" name="testHomePageNavigation" time="21.033"/>
  <testcase classname="automationTesting.AbbviePro.RegistrationTest" name="testProductsLearnMore" time="4.22"/>
  <testcase classname="automationTesting.AbbviePro.RegistrationTest" name="testTheoropaticButton" time="4.908"/>
  <testcase classname="automationTesting.AbbviePro.RegistrationTest" name="testContactButton" time="6.188"/>
  <testcase classname="automationTesting.AbbviePro.RegistrationTest" name="testSecondRegisterButton" time="4.413"/>
  <testcase classname="automationTesting.AbbviePro.RegistrationTest" name="testSignUpButton" time="5.57"/>
  <testcase classname="automationTesting.AbbviePro.FooterTest" name="testNavigation" time="11.818"/>
  <testcase classname="automationTesting.AbbviePro.FooterTest" name="testFooterLogo" time="3.176"/>
  <testcase classname="automationTesting.AbbviePro.FooterTest" name="testDermatologieButton" time="15.0"/>
  <testcase classname="automationTesting.AbbviePro.FooterTest" name="testGastroenterologieButton" time="7.768"/>
  <testcase classname="automationTesting.AbbviePro.FooterTest" name="testRheumatologieButton" time="8.978"/>
  <testcase classname="automationTesting.AbbviePro.FooterTest" name="testOnkologieButton" time="10.959"/>
  <testcase classname="automationTesting.AbbviePro.FooterTest" name="testNeurologieButton" time="11.044"/>
  <testcase classname="automationTesting.AbbviePro.FooterTest" name="testHCVButton" time="8.853"/>
  <testcase classname="automationTesting.AbbviePro.FooterTest" name="testOphthalmologieButton" time="7.656"/>
  <testcase classname="automationTesting.AbbviePro.FooterTest" name="testUrologieButton" time="5.421"/>
  <testcase classname="automationTesting.AbbviePro.FooterTest" name="testImprintButton" time="7.856"/>
  <testcase classname="automationTesting.AbbviePro.FooterTest" name="testPrivacyPolicyButton" time="7.798"/>
  <testcase classname="automationTesting.AbbviePro.FooterTest" name="testTermsOfUseButton" time="2.34"/>
  <testcase classname="automationTesting.AbbviePro.FooterTest" name="testContactInformationButton" time="10.154"/>
  <testcase classname="automationTesting.AbbviePro.FooterTest" name="testSitemapButton" time="3.833"/>
  <testcase classname="automationTesting.AbbviePro.HeaderTest" name="testNavigation" time="10.808"/>
  <testcase classname="automationTesting.AbbviePro.HeaderTest" name="testHeaderLogo" time="6.748"/>
  <testcase classname="automationTesting.AbbviePro.HeaderTest" name="testRegister_WithEmail" time="16.688"/>
  <testcase classname="automationTesting.AbbviePro.HeaderTest" name="testRegister_FillDetails" time="46.115"/>
  <testcase classname="automationTesting.AbbviePro.HeaderTest" name="testHomePageButton" time="2.274"/>
  <testcase classname="automationTesting.AbbviePro.HeaderTest" name="testProductPageButton" time="4.079"/>
  <testcase classname="automationTesting.AbbviePro.HeaderTest" name="testProductChevronIcon" time="0.34"/>
  <testcase classname="automationTesting.AbbviePro.HeaderTest" name="testProductOverviewButton" time="4.556"/>
  <testcase classname="automationTesting.AbbviePro.HeaderTest" name="testProductAndUserInformationButton" time="4.117"/>
  <testcase classname="automationTesting.AbbviePro.HeaderTest" name="testTrainingMaterialButton" time="4.131"/>
  <testcase classname="automationTesting.AbbviePro.HeaderTest" name="testTherapiegebieteButton" time="5.043"/>
  <testcase classname="automationTesting.AbbviePro.HeaderTest" name="testtherapiegebieteChevronIcon" time="0.305"/>
  <testcase classname="automationTesting.AbbviePro.HeaderTest" name="testImmunologieButton" time="14.647">
    <failure type="java.lang.RuntimeException" message="Test Immunologie Button failed due to navigation issue.">
      <![CDATA[java.lang.RuntimeException: Test Immunologie Button failed due to navigation issue.
at automationTesting.AbbviePro.HeaderTest.testImmunologieButton(HeaderTest.java:257)
at java.base/java.util.ArrayList.forEach(ArrayList.java:1511)
Caused by: org.openqa.selenium.ElementNotInteractableException: element not interactable
  (Session info: chrome=138.0.7204.184)
Build info: version: '4.15.0', revision: '1d14b5521b'
System info: os.name: 'Mac OS X', os.arch: 'aarch64', os.version: '15.5', java.version: '17.0.16'
Driver info: org.openqa.selenium.chrome.ChromeDriver
Command: [d21da05ae7ec95242cd8c52f0a3633cb, clickElement {id=f.652A7C8CD2DDAE7217EEBE850F3E1CDC.d.0F180CEA2D9025D32DA91397A321D790.e.313}]
Capabilities {acceptInsecureCerts: false, browserName: chrome, browserVersion: 138.0.7204.184, chrome: {chromedriverVersion: 138.0.7204.183 (e90faf484dd..., userDataDir: /var/folders/yq/_yp1rq0n6mj...}, fedcm:accounts: true, goog:chromeOptions: {debuggerAddress: localhost:62354}, networkConnectionEnabled: false, pageLoadStrategy: normal, platformName: mac, proxy: Proxy(), se:cdp: ws://localhost:62354/devtoo..., se:cdpVersion: 138.0.7204.184, setWindowRect: true, strictFileInteractability: false, timeouts: {implicit: 0, pageLoad: 300000, script: 30000}, unhandledPromptBehavior: dismiss and notify, webauthn:extension:credBlob: true, webauthn:extension:largeBlob: true, webauthn:extension:minPinLength: true, webauthn:extension:prf: true, webauthn:virtualAuthenticators: true}
Element: [[ChromeDriver: chrome on mac (d21da05ae7ec95242cd8c52f0a3633cb)] -> xpath: (//div[@class='main-navigation__inner']//a)[39]]
Session ID: d21da05ae7ec95242cd8c52f0a3633cb
at org.openqa.selenium.remote.codec.w3c.W3CHttpResponseCodec.createException(W3CHttpResponseCodec.java:200)
at org.openqa.selenium.remote.codec.w3c.W3CHttpResponseCodec.decode(W3CHttpResponseCodec.java:133)
at org.openqa.selenium.remote.codec.w3c.W3CHttpResponseCodec.decode(W3CHttpResponseCodec.java:52)
at org.openqa.selenium.remote.HttpCommandExecutor.execute(HttpCommandExecutor.java:191)
at org.openqa.selenium.remote.service.DriverCommandExecutor.invokeExecute(DriverCommandExecutor.java:200)
at org.openqa.selenium.remote.service.DriverCommandExecutor.execute(DriverCommandExecutor.java:175)
at org.openqa.selenium.remote.RemoteWebDriver.execute(RemoteWebDriver.java:607)
at org.openqa.selenium.remote.RemoteWebElement.execute(RemoteWebElement.java:224)
at org.openqa.selenium.remote.RemoteWebElement.click(RemoteWebElement.java:77)
at org.openqa.selenium.support.pagefactory.internal.LocatingElementHandler.invoke(LocatingElementHandler.java:51)
at jdk.proxy2/jdk.proxy2.$Proxy11.click(Unknown Source)
at automationTesting.AbbviePro.Header.clickOnImmunologieButton(Header.java:227)
at automationTesting.AbbviePro.HeaderTest.testImmunologieButton(HeaderTest.java:243)
... 33 more
... Removed 40 stack frames]]>
    </failure>
  </testcase> <!-- testImmunologieButton -->
  <testcase classname="automationTesting.AbbviePro.HeaderTest" name="testDermatologieButton" time="10.178"/>
  <testcase classname="automationTesting.AbbviePro.HeaderTest" name="testGastroenterologieButton" time="10.164"/>
  <testcase classname="automationTesting.AbbviePro.HeaderTest" name="testRheumatologieButton" time="10.194"/>
  <testcase classname="automationTesting.AbbviePro.HeaderTest" name="testOnkologieButton" time="10.206"/>
  <testcase classname="automationTesting.AbbviePro.HeaderTest" name="testHematooncologyButton" time="10.185"/>
  <testcase classname="automationTesting.AbbviePro.HeaderTest" name="testSolidTumorsButton" time="10.301"/>
  <testcase classname="automationTesting.AbbviePro.HeaderTest" name="testNeurologyButton" time="8.62"/>
  <testcase classname="automationTesting.AbbviePro.HeaderTest" name="testMigraineButton" time="3.084"/>
  <testcase classname="automationTesting.AbbviePro.HeaderTest" name="testParkinsonsDiseaseButton" time="12.434"/>
  <testcase classname="automationTesting.AbbviePro.HeaderTest" name="testSpasticityAfterStrokeButton" time="3.177"/>
  <testcase classname="automationTesting.AbbviePro.HeaderTest" name="testVirologyButton" time="0.184">
    <failure type="java.lang.AssertionError" message="Failed to navigate to Virologie page expected [true] but found [false]">
      <![CDATA[java.lang.AssertionError: Failed to navigate to Virologie page expected [true] but found [false]
at automationTesting.AbbviePro.Header.clickOnVirologyButton(Header.java:340)
at automationTesting.AbbviePro.HeaderTest.testVirologyButton(HeaderTest.java:476)
at java.base/java.util.ArrayList.forEach(ArrayList.java:1511)
... Removed 35 stack frames]]>
    </failure>
  </testcase> <!-- testVirologyButton -->
  <testcase classname="automationTesting.AbbviePro.HeaderTest" name="testHepatitisCHCVButton" time="10.392"/>
  <testcase classname="automationTesting.AbbviePro.HeaderTest" name="testOphthalmologyParentButton" time="0.157">
    <failure type="java.lang.AssertionError" message="Failed to navigate to Augenheilkunde page expected [true] but found [false]">
      <![CDATA[java.lang.AssertionError: Failed to navigate to Augenheilkunde page expected [true] but found [false]
at automationTesting.AbbviePro.Header.clickOnOphthalmologyParentButton(Header.java:359)
at automationTesting.AbbviePro.HeaderTest.testOphthalmologyParentButton(HeaderTest.java:518)
at java.base/java.util.ArrayList.forEach(ArrayList.java:1511)
... Removed 35 stack frames]]>
    </failure>
  </testcase> <!-- testOphthalmologyParentButton -->
  <testcase classname="automationTesting.AbbviePro.HeaderTest" name="testOphthalmologyChildButton" time="10.377"/>
  <testcase classname="automationTesting.AbbviePro.HeaderTest" name="testUrologyButton" time="5.337"/>
  <testcase classname="automationTesting.AbbviePro.HeaderTest" name="testIdiopathicOveractiveBladderButton" time="2.456"/>
  <testcase classname="automationTesting.AbbviePro.HeaderTest" name="testNeurogenicDetrusorOveractivityButton" time="3.912"/>
  <testcase classname="automationTesting.AbbviePro.HeaderTest" name="testRegisterNowButton" time="2.598">
    <failure type="java.lang.AssertionError" message="Failed to navigate to register page expected [true] but found [false]">
      <![CDATA[java.lang.AssertionError: Failed to navigate to register page expected [true] but found [false]
at automationTesting.AbbviePro.Header.clickOnRegisterNowButton(Header.java:408)
at automationTesting.AbbviePro.HeaderTest.testRegisterNowButton(HeaderTest.java:623)
at java.base/java.util.ArrayList.forEach(ArrayList.java:1511)
... Removed 35 stack frames]]>
    </failure>
  </testcase> <!-- testRegisterNowButton -->
  <testcase classname="automationTesting.AbbviePro.HeaderTest" name="testEventsAndTrainingButton" time="10.155"/>
  <testcase classname="automationTesting.AbbviePro.HeaderTest" name="testEventsAndTrainingChevronIcon" time="10.18"/>
  <testcase classname="automationTesting.AbbviePro.HeaderTest" name="testMedicalScientificEventsButton" time="10.157"/>
  <testcase classname="automationTesting.AbbviePro.HeaderTest" name="testProductRelatedEventsButton" time="10.173"/>
  <testcase classname="automationTesting.AbbviePro.HeaderTest" name="testEventsAndTrainingRegisterNowButton" time="7.289"/>
  <testcase classname="automationTesting.AbbviePro.HeaderTest" name="testServiceAndContactButton" time="3.676"/>
</testsuite> <!-- Surefire test -->
