<?xml version="1.0" encoding="UTF-8"?>
<!-- Generated by org.testng.reporters.JUnitXMLReporter -->
<testsuite ignored="0" hostname="IN-GPG9L6L27P-CTS" failures="1" tests="16" name="Default test" time="9.966" errors="0" timestamp="2025-08-06T20:19:43 IST">
  <testcase classname="automationTesting.AbbviePro.DermatologieTest" name="testCardLoadMoreButton" time="5.233"/>
  <testcase classname="automationTesting.AbbviePro.DermatologieTest" name="testDermatologieButtonNavigation" time="0.01"/>
  <testcase classname="automationTesting.AbbviePro.DermatologieTest" name="testEighthCardReadMoreButton" time="0.006"/>
  <testcase classname="automationTesting.AbbviePro.DermatologieTest" name="testFifthCardReadMoreButton" time="0.005"/>
  <testcase classname="automationTesting.AbbviePro.DermatologieTest" name="testFirstCardReadMoreButton" time="0.004"/>
  <testcase classname="automationTesting.AbbviePro.DermatologieTest" name="testFourthCardReadMoreButton" time="0.005"/>
  <testcase classname="automationTesting.AbbviePro.DermatologieTest" name="testLearnMoreButton" time="0.004"/>
  <testcase classname="automationTesting.AbbviePro.DermatologieTest" name="testNavigation" time="0.004">
    <failure type="java.lang.RuntimeException" message="Navigation failed, stopping test execution.">
      <![CDATA[java.lang.RuntimeException: Navigation failed, stopping test execution.
at automationTesting.AbbviePro.BaseTest.performCommonNavigation(BaseTest.java:70)
at automationTesting.AbbviePro.DermatologieTest.testNavigation(DermatologieTest.java:11)
at java.base/jdk.internal.reflect.DirectMethodHandleAccessor.invoke(DirectMethodHandleAccessor.java:103)
at java.base/java.lang.reflect.Method.invoke(Method.java:580)
at org.testng.internal.invokers.MethodInvocationHelper.invokeMethod(MethodInvocationHelper.java:141)
at org.testng.internal.invokers.TestInvoker.invokeMethod(TestInvoker.java:687)
at org.testng.internal.invokers.TestInvoker.invokeTestMethod(TestInvoker.java:230)
at org.testng.internal.invokers.MethodRunner.runInSequence(MethodRunner.java:63)
at org.testng.internal.invokers.TestInvoker$MethodInvocationAgent.invoke(TestInvoker.java:995)
at org.testng.internal.invokers.TestInvoker.invokeTestMethods(TestInvoker.java:203)
at org.testng.internal.invokers.TestMethodWorker.invokeTestMethods(TestMethodWorker.java:154)
at org.testng.internal.invokers.TestMethodWorker.run(TestMethodWorker.java:134)
at java.base/java.util.ArrayList.forEach(ArrayList.java:1597)
at org.testng.TestRunner.privateRun(TestRunner.java:741)
at org.testng.TestRunner.run(TestRunner.java:616)
at org.testng.SuiteRunner.runTest(SuiteRunner.java:421)
at org.testng.SuiteRunner.runSequentially(SuiteRunner.java:413)
at org.testng.SuiteRunner.privateRun(SuiteRunner.java:373)
at org.testng.SuiteRunner.run(SuiteRunner.java:312)
at org.testng.SuiteRunnerWorker.runSuite(SuiteRunnerWorker.java:52)
at org.testng.SuiteRunnerWorker.run(SuiteRunnerWorker.java:95)
at org.testng.TestNG.runSuitesSequentially(TestNG.java:1274)
at org.testng.TestNG.runSuitesLocally(TestNG.java:1208)
at org.testng.TestNG.runSuites(TestNG.java:1112)
at org.testng.TestNG.run(TestNG.java:1079)
at org.testng.remote.AbstractRemoteTestNG.run(AbstractRemoteTestNG.java:115)
at org.testng.remote.RemoteTestNG.initAndRun(RemoteTestNG.java:293)
at org.testng.remote.RemoteTestNG.main(RemoteTestNG.java:91)
Caused by: org.openqa.selenium.remote.UnreachableBrowserException: Error communicating with the remote browser. It may have died.
Build info: version: '4.15.0', revision: '1d14b5521b'
System info: os.name: 'Mac OS X', os.arch: 'aarch64', os.version: '15.5', java.version: '22.0.2'
Driver info: org.openqa.selenium.chrome.ChromeDriver
Command: [910d7800ae4bc5db7b5c3eb81f3caec2, get [url]]
Capabilities {acceptInsecureCerts: false, browserName: chrome, browserVersion: 138.0.7204.184, chrome: {chromedriverVersion: 138.0.7204.183 (e90faf484dd..., userDataDir: /var/folders/yq/_yp1rq0n6mj...}, fedcm:accounts: true, goog:chromeOptions: {debuggerAddress: localhost:53696}, networkConnectionEnabled: false, pageLoadStrategy: normal, platformName: mac, proxy: Proxy(), se:cdp: ws://localhost:53696/devtoo..., se:cdpVersion: 138.0.7204.184, setWindowRect: true, strictFileInteractability: false, timeouts: {implicit: 0, pageLoad: 300000, script: 30000}, unhandledPromptBehavior: dismiss and notify, webauthn:extension:credBlob: true, webauthn:extension:largeBlob: true, webauthn:extension:minPinLength: true, webauthn:extension:prf: true, webauthn:virtualAuthenticators: true}
Session ID: 910d7800ae4bc5db7b5c3eb81f3caec2
at org.openqa.selenium.remote.RemoteWebDriver.execute(RemoteWebDriver.java:634)
at org.openqa.selenium.remote.RemoteWebDriver.get(RemoteWebDriver.java:309)
at automationTesting.AbbviePro.HomePage.navigateTo(HomePage.java:49)
at automationTesting.AbbviePro.BaseTest.performCommonNavigation(BaseTest.java:42)
... 27 more
Caused by: java.io.UncheckedIOException: java.net.ConnectException
at org.openqa.selenium.remote.http.jdk.JdkHttpClient.execute0(JdkHttpClient.java:450)
at org.openqa.selenium.remote.http.AddSeleniumUserAgent.lambda$apply$0(AddSeleniumUserAgent.java:42)
at org.openqa.selenium.remote.http.Filter.lambda$andFinally$1(Filter.java:55)
at org.openqa.selenium.remote.http.jdk.JdkHttpClient.execute(JdkHttpClient.java:366)
at org.openqa.selenium.remote.HttpCommandExecutor.execute(HttpCommandExecutor.java:188)
at org.openqa.selenium.remote.service.DriverCommandExecutor.invokeExecute(DriverCommandExecutor.java:200)
at org.openqa.selenium.remote.service.DriverCommandExecutor.execute(DriverCommandExecutor.java:175)
at org.openqa.selenium.remote.RemoteWebDriver.execute(RemoteWebDriver.java:607)
... 30 more
Caused by: java.net.ConnectException
at java.net.http/jdk.internal.net.http.common.Utils.toConnectException(Utils.java:1065)
at java.net.http/jdk.internal.net.http.PlainHttpConnection.connectAsync(PlainHttpConnection.java:227)
at java.net.http/jdk.internal.net.http.PlainHttpConnection.checkRetryConnect(PlainHttpConnection.java:280)
at java.net.http/jdk.internal.net.http.PlainHttpConnection.lambda$connectAsync$2(PlainHttpConnection.java:238)
at java.base/java.util.concurrent.CompletableFuture.uniHandle(CompletableFuture.java:934)
at java.base/java.util.concurrent.CompletableFuture$UniHandle.tryFire(CompletableFuture.java:911)
at java.base/java.util.concurrent.CompletableFuture.postComplete(CompletableFuture.java:510)
at java.base/java.util.concurrent.CompletableFuture$AsyncSupply.run(CompletableFuture.java:1773)
at java.base/java.util.concurrent.ThreadPoolExecutor.runWorker(ThreadPoolExecutor.java:1144)
at java.base/java.util.concurrent.ThreadPoolExecutor$Worker.run(ThreadPoolExecutor.java:642)
at java.base/java.lang.Thread.run(Thread.java:1570)
Caused by: java.nio.channels.ClosedChannelException
at java.base/sun.nio.ch.SocketChannelImpl.ensureOpen(SocketChannelImpl.java:204)
at java.base/sun.nio.ch.SocketChannelImpl.beginConnect(SocketChannelImpl.java:873)
at java.base/sun.nio.ch.SocketChannelImpl.connect(SocketChannelImpl.java:961)
at java.net.http/jdk.internal.net.http.PlainHttpConnection.lambda$connectAsync$1(PlainHttpConnection.java:210)
at java.base/java.security.AccessController.doPrivileged(AccessController.java:571)
at java.net.http/jdk.internal.net.http.PlainHttpConnection.connectAsync(PlainHttpConnection.java:212)
... 9 more
]]>
    </failure>
  </testcase> <!-- testNavigation -->
  <testcase classname="automationTesting.AbbviePro.DermatologieTest" name="testNinethCardReadMoreButton" time="0.004"/>
  <testcase classname="automationTesting.AbbviePro.DermatologieTest" name="testPageScrolling" time="0.004"/>
  <testcase classname="automationTesting.AbbviePro.DermatologieTest" name="testScrollToPageTop" time="0.006"/>
  <testcase classname="automationTesting.AbbviePro.DermatologieTest" name="testSecondCardReadMoreButton" time="0.004"/>
  <testcase classname="automationTesting.AbbviePro.DermatologieTest" name="testSeventhCardReadMoreButton" time="0.002"/>
  <testcase classname="automationTesting.AbbviePro.DermatologieTest" name="testSixthCardReadMoreButton" time="0.003"/>
  <testcase classname="automationTesting.AbbviePro.DermatologieTest" name="testStreamNowButton" time="0.003"/>
  <testcase classname="automationTesting.AbbviePro.DermatologieTest" name="testThirdCardReadMoreButton" time="0.003"/>
</testsuite> <!-- Default test -->
