<?xml version="1.0" encoding="UTF-8"?>
<!-- Generated by org.testng.reporters.JUnitXMLReporter -->
<testsuite ignored="0" hostname="IN-GPG9L6L27P-CTS" failures="1" tests="19" name="Footer Tests" time="109.802" errors="0" timestamp="2025-08-11T23:54:06 IST">
  <testcase classname="automationTesting.AbbviePro.FooterTest" name="testNavigation" time="8.509"/>
  <testcase classname="automationTesting.AbbviePro.FooterTest" name="testFooterLogo" time="2.245"/>
  <testcase classname="automationTesting.AbbviePro.FooterTest" name="testDermatologieButton" time="6.73"/>
  <testcase classname="automationTesting.AbbviePro.FooterTest" name="testGastroenterologieButton" time="2.867"/>
  <testcase classname="automationTesting.AbbviePro.FooterTest" name="testRheumatologieButton" time="5.118"/>
  <testcase classname="automationTesting.AbbviePro.FooterTest" name="testOnkologieButton" time="5.933"/>
  <testcase classname="automationTesting.AbbviePro.FooterTest" name="testNeurologieButton" time="6.034"/>
  <testcase classname="automationTesting.AbbviePro.FooterTest" name="testHCVButton" time="3.093"/>
  <testcase classname="automationTesting.AbbviePro.FooterTest" name="testOphthalmologieButton" time="4.776"/>
  <testcase classname="automationTesting.AbbviePro.FooterTest" name="testUrologieButton" time="1.952"/>
  <testcase classname="automationTesting.AbbviePro.FooterTest" name="testImprintButton" time="4.542"/>
  <testcase classname="automationTesting.AbbviePro.FooterTest" name="testPrivacyPolicyButton" time="9.157"/>
  <testcase classname="automationTesting.AbbviePro.FooterTest" name="testTermsOfUseButton" time="4.892"/>
  <testcase classname="automationTesting.AbbviePro.FooterTest" name="testContactInformationButton" time="9.429"/>
  <testcase classname="automationTesting.AbbviePro.FooterTest" name="testSitemapButton" time="3.403"/>
  <testcase classname="automationTesting.AbbviePro.FooterTest" name="testFacebookIcon" time="7.692"/>
  <testcase classname="automationTesting.AbbviePro.FooterTest" name="testInstagramIcon" time="5.628">
    <failure type="java.lang.AssertionError" message="Incorrect URL after clicking Instagram link expected [https://www.instagram.com/accounts/login/?next=https%3A%2F%2Fwww.instagram.com%2Fabbvie%2F%3Fhl%3Dde&amp;amp;is_from_rle] but found [https://www.instagram.com/abbvie/?hl=de]">
      <![CDATA[java.lang.AssertionError: Incorrect URL after clicking Instagram link expected [https://www.instagram.com/accounts/login/?next=https%3A%2F%2Fwww.instagram.com%2Fabbvie%2F%3Fhl%3Dde&is_from_rle] but found [https://www.instagram.com/abbvie/?hl=de]
at automationTesting.AbbviePro.Footer.clickOnInstagramIcon(Footer.java:391)
at automationTesting.AbbviePro.FooterTest.testInstagramIcon(FooterTest.java:312)
at java.base/java.util.ArrayList.forEach(ArrayList.java:1597)
... Removed 30 stack frames]]>
    </failure>
  </testcase> <!-- testInstagramIcon -->
  <testcase classname="automationTesting.AbbviePro.FooterTest" name="testLinkdinIcon" time="3.567"/>
  <testcase classname="automationTesting.AbbviePro.FooterTest" name="testYoutubeIcon" time="9.529"/>
</testsuite> <!-- Footer Tests -->
