<?xml version="1.0" encoding="UTF-8"?>
<!-- Generated by org.testng.reporters.JUnitReportReporter -->
<testsuite hostname="IN-GPG9L6L27P-CTS" failures="1" tests="19" name="automationTesting.AbbviePro.FooterTest" time="105.096" errors="0" timestamp="2025-08-12T00:07:19 IST" skipped="0">
  <testcase classname="automationTesting.AbbviePro.FooterTest" name="testNavigation" time="8.509"/>
  <testcase classname="automationTesting.AbbviePro.FooterTest" name="testFooterLogo" time="2.245"/>
  <testcase classname="automationTesting.AbbviePro.FooterTest" name="testDermatologieButton" time="6.730"/>
  <testcase classname="automationTesting.AbbviePro.FooterTest" name="testGastroenterologieButton" time="2.867"/>
  <testcase classname="automationTesting.AbbviePro.FooterTest" name="testRheumatologieButton" time="5.118"/>
  <testcase classname="automationTesting.AbbviePro.FooterTest" name="testOnkologieButton" time="5.933"/>
  <testcase classname="automationTesting.AbbviePro.FooterTest" name="testNeurologieButton" time="6.034"/>
  <testcase classname="automationTesting.AbbviePro.FooterTest" name="testHCVButton" time="3.093"/>
  <testcase classname="automationTesting.AbbviePro.FooterTest" name="testOphthalmologieButton" time="4.776"/>
  <testcase classname="automationTesting.AbbviePro.FooterTest" name="testUrologieButton" time="1.952"/>
  <testcase classname="automationTesting.AbbviePro.FooterTest" name="testImprintButton" time="4.542"/>
  <testcase classname="automationTesting.AbbviePro.FooterTest" name="testPrivacyPolicyButton" time="9.157"/>
  <testcase classname="automationTesting.AbbviePro.FooterTest" name="testTermsOfUseButton" time="4.892"/>
  <testcase classname="automationTesting.AbbviePro.FooterTest" name="testContactInformationButton" time="9.429"/>
  <testcase classname="automationTesting.AbbviePro.FooterTest" name="testSitemapButton" time="3.403"/>
  <testcase classname="automationTesting.AbbviePro.FooterTest" name="testFacebookIcon" time="7.692"/>
  <testcase classname="automationTesting.AbbviePro.FooterTest" name="testInstagramIcon" time="5.628">
    <failure message="Incorrect URL after clicking Instagram link expected [https://www.instagram.com/accounts/login/?next=https%3A%2F%2Fwww.instagram.com%2Fabbvie%2F%3Fhl%3Dde&amp;is_from_rle] but found [https://www.instagram.com/abbvie/?hl=de]" type="java.lang.AssertionError">
      <![CDATA[java.lang.AssertionError: Incorrect URL after clicking Instagram link expected [https://www.instagram.com/accounts/login/?next=https%3A%2F%2Fwww.instagram.com%2Fabbvie%2F%3Fhl%3Dde&is_from_rle] but found [https://www.instagram.com/abbvie/?hl=de]
at org.testng.Assert.fail(Assert.java:111)
at org.testng.Assert.failNotEquals(Assert.java:1590)
at org.testng.Assert.assertEqualsImpl(Assert.java:150)
at org.testng.Assert.assertEquals(Assert.java:132)
at org.testng.Assert.assertEquals(Assert.java:656)
at automationTesting.AbbviePro.Footer.clickOnInstagramIcon(Footer.java:391)
at automationTesting.AbbviePro.FooterTest.testInstagramIcon(FooterTest.java:312)
at java.base/jdk.internal.reflect.DirectMethodHandleAccessor.invoke(DirectMethodHandleAccessor.java:103)
at java.base/java.lang.reflect.Method.invoke(Method.java:580)
at org.testng.internal.invokers.MethodInvocationHelper.invokeMethod(MethodInvocationHelper.java:141)
at org.testng.internal.invokers.TestInvoker.invokeMethod(TestInvoker.java:687)
at org.testng.internal.invokers.TestInvoker.invokeTestMethod(TestInvoker.java:230)
at org.testng.internal.invokers.MethodRunner.runInSequence(MethodRunner.java:63)
at org.testng.internal.invokers.TestInvoker$MethodInvocationAgent.invoke(TestInvoker.java:995)
at org.testng.internal.invokers.TestInvoker.invokeTestMethods(TestInvoker.java:203)
at org.testng.internal.invokers.TestMethodWorker.invokeTestMethods(TestMethodWorker.java:154)
at org.testng.internal.invokers.TestMethodWorker.run(TestMethodWorker.java:134)
at java.base/java.util.ArrayList.forEach(ArrayList.java:1597)
at org.testng.TestRunner.privateRun(TestRunner.java:741)
at org.testng.TestRunner.run(TestRunner.java:616)
at org.testng.SuiteRunner.runTest(SuiteRunner.java:421)
at org.testng.SuiteRunner.runSequentially(SuiteRunner.java:413)
at org.testng.SuiteRunner.privateRun(SuiteRunner.java:373)
at org.testng.SuiteRunner.run(SuiteRunner.java:312)
at org.testng.SuiteRunnerWorker.runSuite(SuiteRunnerWorker.java:52)
at org.testng.SuiteRunnerWorker.run(SuiteRunnerWorker.java:95)
at org.testng.TestNG.runSuitesSequentially(TestNG.java:1274)
at org.testng.TestNG.runSuitesLocally(TestNG.java:1208)
at org.testng.TestNG.runSuites(TestNG.java:1112)
at org.testng.TestNG.run(TestNG.java:1079)
at org.testng.remote.AbstractRemoteTestNG.run(AbstractRemoteTestNG.java:115)
at org.testng.remote.RemoteTestNG.initAndRun(RemoteTestNG.java:293)
at org.testng.remote.RemoteTestNG.main(RemoteTestNG.java:91)
]]>
    </failure>
  </testcase> <!-- testInstagramIcon -->
  <testcase classname="automationTesting.AbbviePro.FooterTest" name="testLinkdinIcon" time="3.567"/>
  <testcase classname="automationTesting.AbbviePro.FooterTest" name="testYoutubeIcon" time="9.529"/>
</testsuite> <!-- automationTesting.AbbviePro.FooterTest -->
